<?xml version="1.0" encoding="UTF-8"?>
<!-- Generated by org.testng.reporters.JUnitXMLReporter -->
<testsuite hostname="IN5CG6434YRX" ignored="0" name="Test" tests="3" failures="0" timestamp="06 Apr 2019 08:17:13 GMT" time="79.769" errors="0">
  <testcase name="BrowserNavigate" time="0.498" classname="Sample_Test.DemoTest_to_assert_title"/>
  <testcase name="NavigateBasePage" time="32.377" classname="Sample_Test.DemoTest_to_validate_multipleUsers"/>
  <testcase name="NavigateBasePage" time="15.495" classname="Sample_Test.DemoTest_to_validate_multipleUsers"/>
</testsuite> <!-- Test -->
