<?xml version="1.0" encoding="UTF-8"?>
<!-- Generated by org.testng.reporters.JUnitXMLReporter -->
<testsuite hostname="IN5CG6434YRX" ignored="0" name="VALIDATE LOGIN FOR MULTIPLE USERS" tests="2" failures="0" timestamp="06 Apr 2019 10:47:44 GMT" time="35.817" errors="0">
  <testcase name="validateLoginforMultipleUsers" time="20.206" classname="Sample_Test.DemoTest_to_validate_multipleUsers"/>
  <testcase name="validateLoginforMultipleUsers" time="9.728" classname="Sample_Test.DemoTest_to_validate_multipleUsers"/>
</testsuite> <!-- VALIDATE LOGIN FOR MULTIPLE USERS -->
