<?xml version="1.0" encoding="UTF-8"?>
<!-- Generated by org.testng.reporters.JUnitXMLReporter -->
<testsuite hostname="IN5CG6434YRX" name="VALIDATE LOGIN FOR MULTIPLE USERS" tests="2" failures="0" timestamp="6 Apr 2019 10:49:52 GMT" time="36.59" errors="0">
  <testcase name="validateLoginforMultipleUsers" time="21.458" classname="Sample_Test.DemoTest_to_validate_multipleUsers"/>
  <testcase name="validateLoginforMultipleUsers" time="10.924" classname="Sample_Test.DemoTest_to_validate_multipleUsers"/>
</testsuite> <!-- VALIDATE LOGIN FOR MULTIPLE USERS -->
